  Main.cpp
C:\Users\mcasu\OneDrive\Desktop\CasuEngine\Strutture.h(220,2): warning C4091: 'static ': ignorato a sinistra di 'meshGenerator' quando non si dichiara alcuna variabile
  (compilazione del file di origine 'Main.cpp')
  
C:\Users\mcasu\OneDrive\Desktop\CasuEngine\WindowManager.h(21,17): warning C4838: la conversione da 'float' a 'int' richiede una conversione che supporta un minor numero di dati
  (compilazione del file di origine 'Main.cpp')
  
C:\Users\mcasu\OneDrive\Desktop\CasuEngine\WindowManager.h(21,17): warning C4244: 'inizializzazione': conversione da 'float' a 'int'. Possibile perdita di dati.
  (compilazione del file di origine 'Main.cpp')
  
C:\Users\mcasu\OneDrive\Desktop\CasuEngine\WindowManager.h(21,22): warning C4838: la conversione da 'float' a 'int' richiede una conversione che supporta un minor numero di dati
  (compilazione del file di origine 'Main.cpp')
  
C:\Users\mcasu\OneDrive\Desktop\CasuEngine\WindowManager.h(21,22): warning C4244: 'inizializzazione': conversione da 'float' a 'int'. Possibile perdita di dati.
  (compilazione del file di origine 'Main.cpp')
  
C:\Users\mcasu\OneDrive\Desktop\CasuEngine\WindowManager.h(22,17): warning C4838: la conversione da 'float' a 'int' richiede una conversione che supporta un minor numero di dati
  (compilazione del file di origine 'Main.cpp')
  
C:\Users\mcasu\OneDrive\Desktop\CasuEngine\WindowManager.h(22,17): warning C4244: 'inizializzazione': conversione da 'float' a 'int'. Possibile perdita di dati.
  (compilazione del file di origine 'Main.cpp')
  
C:\Users\mcasu\OneDrive\Desktop\CasuEngine\WindowManager.h(22,22): warning C4838: la conversione da 'float' a 'int' richiede una conversione che supporta un minor numero di dati
  (compilazione del file di origine 'Main.cpp')
  
C:\Users\mcasu\OneDrive\Desktop\CasuEngine\WindowManager.h(22,22): warning C4244: 'inizializzazione': conversione da 'float' a 'int'. Possibile perdita di dati.
  (compilazione del file di origine 'Main.cpp')
  
C:\Users\mcasu\OneDrive\Desktop\CasuEngine\WindowManager.h(34,24): warning C4838: la conversione da 'float' a 'int' richiede una conversione che supporta un minor numero di dati
  (compilazione del file di origine 'Main.cpp')
  
C:\Users\mcasu\OneDrive\Desktop\CasuEngine\WindowManager.h(34,24): warning C4244: 'inizializzazione': conversione da 'float' a 'int'. Possibile perdita di dati.
  (compilazione del file di origine 'Main.cpp')
  
C:\Users\mcasu\OneDrive\Desktop\CasuEngine\WindowManager.h(34,35): warning C4838: la conversione da 'float' a 'int' richiede una conversione che supporta un minor numero di dati
  (compilazione del file di origine 'Main.cpp')
  
C:\Users\mcasu\OneDrive\Desktop\CasuEngine\WindowManager.h(34,35): warning C4244: 'inizializzazione': conversione da 'float' a 'int'. Possibile perdita di dati.
  (compilazione del file di origine 'Main.cpp')
  
C:\Users\mcasu\OneDrive\Desktop\CasuEngine\WindowManager.h(35,24): warning C4838: la conversione da 'float' a 'int' richiede una conversione che supporta un minor numero di dati
  (compilazione del file di origine 'Main.cpp')
  
C:\Users\mcasu\OneDrive\Desktop\CasuEngine\WindowManager.h(35,24): warning C4244: 'inizializzazione': conversione da 'float' a 'int'. Possibile perdita di dati.
  (compilazione del file di origine 'Main.cpp')
  
C:\Users\mcasu\OneDrive\Desktop\CasuEngine\WindowManager.h(35,35): warning C4838: la conversione da 'float' a 'int' richiede una conversione che supporta un minor numero di dati
  (compilazione del file di origine 'Main.cpp')
  
C:\Users\mcasu\OneDrive\Desktop\CasuEngine\WindowManager.h(35,35): warning C4244: 'inizializzazione': conversione da 'float' a 'int'. Possibile perdita di dati.
  (compilazione del file di origine 'Main.cpp')
  
C:\Users\mcasu\OneDrive\Desktop\CasuEngine\WindowManager.h(36,24): warning C4838: la conversione da 'float' a 'int' richiede una conversione che supporta un minor numero di dati
  (compilazione del file di origine 'Main.cpp')
  
C:\Users\mcasu\OneDrive\Desktop\CasuEngine\WindowManager.h(36,24): warning C4244: 'inizializzazione': conversione da 'float' a 'int'. Possibile perdita di dati.
  (compilazione del file di origine 'Main.cpp')
  
C:\Users\mcasu\OneDrive\Desktop\CasuEngine\WindowManager.h(36,35): warning C4838: la conversione da 'float' a 'int' richiede una conversione che supporta un minor numero di dati
  (compilazione del file di origine 'Main.cpp')
  
C:\Users\mcasu\OneDrive\Desktop\CasuEngine\WindowManager.h(36,35): warning C4244: 'inizializzazione': conversione da 'float' a 'int'. Possibile perdita di dati.
  (compilazione del file di origine 'Main.cpp')
  
C:\Users\mcasu\OneDrive\Desktop\CasuEngine\WindowManager.h(44,7): warning C4018: '<=': errata corrispondenza tra signed e unsigned
  (compilazione del file di origine 'Main.cpp')
  
C:\Users\mcasu\OneDrive\Desktop\CasuEngine\WindowManager.h(50,9): warning C4018: '<=': errata corrispondenza tra signed e unsigned
  (compilazione del file di origine 'Main.cpp')
  
C:\Users\mcasu\OneDrive\Desktop\CasuEngine\WindowManager.h(55,9): warning C4018: '<=': errata corrispondenza tra signed e unsigned
  (compilazione del file di origine 'Main.cpp')
  
C:\Users\mcasu\OneDrive\Desktop\CasuEngine\WindowManager.h(60,9): warning C4018: '<=': errata corrispondenza tra signed e unsigned
  (compilazione del file di origine 'Main.cpp')
  
C:\Users\mcasu\OneDrive\Desktop\CasuEngine\WindowManager.h(80,17): warning C4838: la conversione da 'int' a 'float' richiede una conversione che supporta un minor numero di dati
  (compilazione del file di origine 'Main.cpp')
  
C:\Users\mcasu\OneDrive\Desktop\CasuEngine\WindowManager.h(80,17): warning C4244: 'inizializzazione': conversione da 'int' a 'float'. Possibile perdita di dati.
  (compilazione del file di origine 'Main.cpp')
  
C:\Users\mcasu\OneDrive\Desktop\CasuEngine\WindowManager.h(80,22): warning C4838: la conversione da 'int' a 'float' richiede una conversione che supporta un minor numero di dati
  (compilazione del file di origine 'Main.cpp')
  
C:\Users\mcasu\OneDrive\Desktop\CasuEngine\WindowManager.h(80,22): warning C4244: 'inizializzazione': conversione da 'int' a 'float'. Possibile perdita di dati.
  (compilazione del file di origine 'Main.cpp')
  
C:\Users\mcasu\OneDrive\Desktop\CasuEngine\WindowManager.h(81,17): warning C4838: la conversione da 'int' a 'float' richiede una conversione che supporta un minor numero di dati
  (compilazione del file di origine 'Main.cpp')
  
C:\Users\mcasu\OneDrive\Desktop\CasuEngine\WindowManager.h(81,17): warning C4244: 'inizializzazione': conversione da 'int' a 'float'. Possibile perdita di dati.
  (compilazione del file di origine 'Main.cpp')
  
C:\Users\mcasu\OneDrive\Desktop\CasuEngine\WindowManager.h(81,22): warning C4838: la conversione da 'int' a 'float' richiede una conversione che supporta un minor numero di dati
  (compilazione del file di origine 'Main.cpp')
  
C:\Users\mcasu\OneDrive\Desktop\CasuEngine\WindowManager.h(81,22): warning C4244: 'inizializzazione': conversione da 'int' a 'float'. Possibile perdita di dati.
  (compilazione del file di origine 'Main.cpp')
  
C:\Users\mcasu\OneDrive\Desktop\CasuEngine\WindowManager.h(86,17): warning C4838: la conversione da 'int' a 'float' richiede una conversione che supporta un minor numero di dati
  (compilazione del file di origine 'Main.cpp')
  
C:\Users\mcasu\OneDrive\Desktop\CasuEngine\WindowManager.h(86,17): warning C4244: 'inizializzazione': conversione da 'int' a 'float'. Possibile perdita di dati.
  (compilazione del file di origine 'Main.cpp')
  
C:\Users\mcasu\OneDrive\Desktop\CasuEngine\WindowManager.h(86,22): warning C4838: la conversione da 'int' a 'float' richiede una conversione che supporta un minor numero di dati
  (compilazione del file di origine 'Main.cpp')
  
C:\Users\mcasu\OneDrive\Desktop\CasuEngine\WindowManager.h(86,22): warning C4244: 'inizializzazione': conversione da 'int' a 'float'. Possibile perdita di dati.
  (compilazione del file di origine 'Main.cpp')
  
C:\Users\mcasu\OneDrive\Desktop\CasuEngine\WindowManager.h(91,17): warning C4838: la conversione da 'int' a 'float' richiede una conversione che supporta un minor numero di dati
  (compilazione del file di origine 'Main.cpp')
  
C:\Users\mcasu\OneDrive\Desktop\CasuEngine\WindowManager.h(91,17): warning C4244: 'inizializzazione': conversione da 'int' a 'float'. Possibile perdita di dati.
  (compilazione del file di origine 'Main.cpp')
  
C:\Users\mcasu\OneDrive\Desktop\CasuEngine\WindowManager.h(91,22): warning C4838: la conversione da 'int' a 'float' richiede una conversione che supporta un minor numero di dati
  (compilazione del file di origine 'Main.cpp')
  
C:\Users\mcasu\OneDrive\Desktop\CasuEngine\WindowManager.h(91,22): warning C4244: 'inizializzazione': conversione da 'int' a 'float'. Possibile perdita di dati.
  (compilazione del file di origine 'Main.cpp')
  
C:\Users\mcasu\OneDrive\Desktop\CasuEngine\WindowManager.h(162,48): warning C4244: 'argomento': conversione da 'float' a 'int'. Possibile perdita di dati.
  (compilazione del file di origine 'Main.cpp')
  
C:\Users\mcasu\OneDrive\Desktop\CasuEngine\WindowManager.h(162,38): warning C4244: 'argomento': conversione da 'float' a 'int'. Possibile perdita di dati.
  (compilazione del file di origine 'Main.cpp')
  
C:\Users\mcasu\OneDrive\Desktop\CasuEngine\WindowManager.h(162,28): warning C4244: 'argomento': conversione da 'float' a 'int'. Possibile perdita di dati.
  (compilazione del file di origine 'Main.cpp')
  
C:\Users\mcasu\OneDrive\Desktop\CasuEngine\WindowManager.h(162,18): warning C4244: 'argomento': conversione da 'float' a 'int'. Possibile perdita di dati.
  (compilazione del file di origine 'Main.cpp')
  
C:\Users\mcasu\OneDrive\Desktop\CasuEngine\WindowManager.h(163,48): warning C4244: 'argomento': conversione da 'float' a 'int'. Possibile perdita di dati.
  (compilazione del file di origine 'Main.cpp')
  
C:\Users\mcasu\OneDrive\Desktop\CasuEngine\WindowManager.h(163,38): warning C4244: 'argomento': conversione da 'float' a 'int'. Possibile perdita di dati.
  (compilazione del file di origine 'Main.cpp')
  
C:\Users\mcasu\OneDrive\Desktop\CasuEngine\WindowManager.h(163,28): warning C4244: 'argomento': conversione da 'float' a 'int'. Possibile perdita di dati.
  (compilazione del file di origine 'Main.cpp')
  
C:\Users\mcasu\OneDrive\Desktop\CasuEngine\WindowManager.h(163,18): warning C4244: 'argomento': conversione da 'float' a 'int'. Possibile perdita di dati.
  (compilazione del file di origine 'Main.cpp')
  
C:\Users\mcasu\OneDrive\Desktop\CasuEngine\WindowManager.h(164,48): warning C4244: 'argomento': conversione da 'float' a 'int'. Possibile perdita di dati.
  (compilazione del file di origine 'Main.cpp')
  
C:\Users\mcasu\OneDrive\Desktop\CasuEngine\WindowManager.h(164,38): warning C4244: 'argomento': conversione da 'float' a 'int'. Possibile perdita di dati.
  (compilazione del file di origine 'Main.cpp')
  
C:\Users\mcasu\OneDrive\Desktop\CasuEngine\WindowManager.h(164,28): warning C4244: 'argomento': conversione da 'float' a 'int'. Possibile perdita di dati.
  (compilazione del file di origine 'Main.cpp')
  
C:\Users\mcasu\OneDrive\Desktop\CasuEngine\WindowManager.h(164,18): warning C4244: 'argomento': conversione da 'float' a 'int'. Possibile perdita di dati.
  (compilazione del file di origine 'Main.cpp')
  
C:\Users\mcasu\OneDrive\Desktop\CasuEngine\WindowManager.h(174,12): warning C4244: 'inizializzazione': conversione da 'float' a 'int'. Possibile perdita di dati.
  (compilazione del file di origine 'Main.cpp')
  
C:\Users\mcasu\OneDrive\Desktop\CasuEngine\WindowManager.h(175,12): warning C4244: 'inizializzazione': conversione da 'float' a 'int'. Possibile perdita di dati.
  (compilazione del file di origine 'Main.cpp')
  
C:\Users\mcasu\OneDrive\Desktop\CasuEngine\WindowManager.h(176,12): warning C4244: 'inizializzazione': conversione da 'float' a 'int'. Possibile perdita di dati.
  (compilazione del file di origine 'Main.cpp')
  
C:\Users\mcasu\OneDrive\Desktop\CasuEngine\WindowManager.h(177,12): warning C4244: 'inizializzazione': conversione da 'float' a 'int'. Possibile perdita di dati.
  (compilazione del file di origine 'Main.cpp')
  
C:\Users\mcasu\OneDrive\Desktop\CasuEngine\WindowManager.h(195,21): warning C4838: la conversione da 'int' a 'Uint8' richiede una conversione che supporta un minor numero di dati
  (compilazione del file di origine 'Main.cpp')
  
C:\Users\mcasu\OneDrive\Desktop\CasuEngine\WindowManager.h(195,26): warning C4838: la conversione da 'int' a 'Uint8' richiede una conversione che supporta un minor numero di dati
  (compilazione del file di origine 'Main.cpp')
  
C:\Users\mcasu\OneDrive\Desktop\CasuEngine\WindowManager.h(195,31): warning C4838: la conversione da 'int' a 'Uint8' richiede una conversione che supporta un minor numero di dati
  (compilazione del file di origine 'Main.cpp')
  
C:\Users\mcasu\OneDrive\Desktop\CasuEngine\WindowManager.h(195,36): warning C4838: la conversione da 'int' a 'Uint8' richiede una conversione che supporta un minor numero di dati
  (compilazione del file di origine 'Main.cpp')
  
C:\Users\mcasu\OneDrive\Desktop\CasuEngine\WindowManager.h(196,24): warning C4838: la conversione da 'int' a 'Uint8' richiede una conversione che supporta un minor numero di dati
  (compilazione del file di origine 'Main.cpp')
  
C:\Users\mcasu\OneDrive\Desktop\CasuEngine\WindowManager.h(196,34): warning C4838: la conversione da 'int' a 'Uint8' richiede una conversione che supporta un minor numero di dati
  (compilazione del file di origine 'Main.cpp')
  
C:\Users\mcasu\OneDrive\Desktop\CasuEngine\WindowManager.h(196,41): warning C4838: la conversione da 'int' a 'Uint8' richiede una conversione che supporta un minor numero di dati
  (compilazione del file di origine 'Main.cpp')
  
C:\Users\mcasu\OneDrive\Desktop\CasuEngine\WindowManager.h(196,47): warning C4838: la conversione da 'int' a 'Uint8' richiede una conversione che supporta un minor numero di dati
  (compilazione del file di origine 'Main.cpp')
  
C:\Users\mcasu\OneDrive\Desktop\CasuEngine\WindowManager.h(197,24): warning C4838: la conversione da 'int' a 'Uint8' richiede una conversione che supporta un minor numero di dati
  (compilazione del file di origine 'Main.cpp')
  
C:\Users\mcasu\OneDrive\Desktop\CasuEngine\WindowManager.h(197,34): warning C4838: la conversione da 'int' a 'Uint8' richiede una conversione che supporta un minor numero di dati
  (compilazione del file di origine 'Main.cpp')
  
C:\Users\mcasu\OneDrive\Desktop\CasuEngine\WindowManager.h(197,41): warning C4838: la conversione da 'int' a 'Uint8' richiede una conversione che supporta un minor numero di dati
  (compilazione del file di origine 'Main.cpp')
  
C:\Users\mcasu\OneDrive\Desktop\CasuEngine\WindowManager.h(197,47): warning C4838: la conversione da 'int' a 'Uint8' richiede una conversione che supporta un minor numero di dati
  (compilazione del file di origine 'Main.cpp')
  
C:\Users\mcasu\OneDrive\Desktop\CasuEngine\WindowManager.h(254,9): warning C4018: '<=': errata corrispondenza tra signed e unsigned
  (compilazione del file di origine 'Main.cpp')
  
C:\Users\mcasu\OneDrive\Desktop\CasuEngine\WindowManager.h(255,29): warning C4101: 'triTranslated': variabile locale senza riferimenti
  (compilazione del file di origine 'Main.cpp')
  
C:\Users\mcasu\OneDrive\Desktop\CasuEngine\WindowManager.h(255,15): warning C4101: 'triProjected': variabile locale senza riferimenti
  (compilazione del file di origine 'Main.cpp')
  
C:\Users\mcasu\OneDrive\Desktop\CasuEngine\WindowManager.h(366,33): warning C4244: '*=': conversione da 'double' a 'float'. Possibile perdita di dati.
  (compilazione del file di origine 'Main.cpp')
  
C:\Users\mcasu\OneDrive\Desktop\CasuEngine\WindowManager.h(366,87): warning C4244: '*=': conversione da 'double' a 'float'. Possibile perdita di dati.
  (compilazione del file di origine 'Main.cpp')
  
C:\Users\mcasu\OneDrive\Desktop\CasuEngine\WindowManager.h(367,33): warning C4244: '*=': conversione da 'double' a 'float'. Possibile perdita di dati.
  (compilazione del file di origine 'Main.cpp')
  
C:\Users\mcasu\OneDrive\Desktop\CasuEngine\WindowManager.h(367,87): warning C4244: '*=': conversione da 'double' a 'float'. Possibile perdita di dati.
  (compilazione del file di origine 'Main.cpp')
  
C:\Users\mcasu\OneDrive\Desktop\CasuEngine\WindowManager.h(368,33): warning C4244: '*=': conversione da 'double' a 'float'. Possibile perdita di dati.
  (compilazione del file di origine 'Main.cpp')
  
C:\Users\mcasu\OneDrive\Desktop\CasuEngine\WindowManager.h(368,87): warning C4244: '*=': conversione da 'double' a 'float'. Possibile perdita di dati.
  (compilazione del file di origine 'Main.cpp')
  
C:\Users\mcasu\OneDrive\Desktop\CasuEngine\WindowManager.h(291,45): warning C4101: 'triRotatedZ': variabile locale senza riferimenti
  (compilazione del file di origine 'Main.cpp')
  
C:\Users\mcasu\OneDrive\Desktop\CasuEngine\Main.cpp(40,14): warning C4305: '+=': troncamento da 'double' a 'float'
C:\Users\mcasu\OneDrive\Desktop\CasuEngine\Main.cpp(52,27): warning C4305: '-=': troncamento da 'double' a 'float'
C:\Users\mcasu\OneDrive\Desktop\CasuEngine\Main.cpp(56,27): warning C4305: '+=': troncamento da 'double' a 'float'
C:\Users\mcasu\OneDrive\Desktop\CasuEngine\Main.cpp(60,27): warning C4305: '-=': troncamento da 'double' a 'float'
C:\Users\mcasu\OneDrive\Desktop\CasuEngine\Main.cpp(64,27): warning C4305: '+=': troncamento da 'double' a 'float'
C:\Users\mcasu\OneDrive\Desktop\CasuEngine\Main.cpp(80,28): warning C4305: '+=': troncamento da 'double' a 'float'
C:\Users\mcasu\OneDrive\Desktop\CasuEngine\Main.cpp(84,28): warning C4305: '-=': troncamento da 'double' a 'float'
C:\Users\mcasu\OneDrive\Desktop\CasuEngine\Main.cpp(88,28): warning C4305: '-=': troncamento da 'double' a 'float'
C:\Users\mcasu\OneDrive\Desktop\CasuEngine\Main.cpp(92,28): warning C4305: '+=': troncamento da 'double' a 'float'
  CasuEngine.vcxproj -> C:\Users\mcasu\OneDrive\Desktop\CasuEngine\Debug\CasuEngine.exe
